2025-08-25 17:39:05,917 - __main__ - INFO - Starting ingestion for djangomart batch 2025-08-25 173905
2025-08-25 17:39:05,917 - __main__ - INFO - Starting ingestion for {'name': 'get_purchases', 'last_ingestion_dtt': '2025-01-01 11:20:09.227018'} object
2025-08-25 17:39:06,353 - __main__ - INFO - Succesfully ingested {'name': 'get_purchases', 'last_ingestion_dtt': '2025-01-01 11:20:09.227018'} object
2025-08-25 17:53:14,314 - __main__ - INFO - Starting ingestion for djangomart batch 2025-08-25 175314
2025-08-25 17:53:47,795 - __main__ - INFO - Starting ingestion for djangomart batch 2025-08-25 175347
2025-08-25 17:54:37,952 - __main__ - INFO - Starting ingestion for djangomart batch 2025-08-25 175437
2025-08-25 17:54:37,952 - __main__ - INFO - 2025-08-25 173905
2025-08-25 17:55:04,243 - __main__ - INFO - Starting ingestion for djangomart batch 2025-08-25 175504
2025-08-25 17:55:04,243 - __main__ - WARNING - 2025-08-25 173905
2025-08-25 17:56:35,269 - __main__ - INFO - Starting ingestion for djangomart batch 2025-08-25 175635
2025-08-25 17:56:35,269 - __main__ - WARNING - {'name': 'get_purchases', 'last_ingestion_dtt': '2025-01-01 11:20:09.227018'}
2025-08-25 17:56:35,269 - __main__ - INFO - Starting ingestion for get_purchases object
2025-08-25 17:59:50,220 - __main__ - INFO - Starting ingestion for djangomart batch 2025-08-25 175950
2025-08-25 17:59:50,221 - __main__ - WARNING - {'name': 'get_purchases', 'last_ingestion_dtt': '2025-01-01 11:20:09.227018'}
2025-08-25 17:59:50,221 - __main__ - INFO - Starting ingestion for get_purchases object
2025-08-25 17:59:50,514 - __main__ - INFO - Succesfully ingested get_purchases object
2025-08-25 18:05:12,623 - __main__ - INFO - Starting ingestion for djangomart batch 2025-08-25 180512
2025-08-25 18:05:12,623 - __main__ - WARNING - {'name': 'get_purchases', 'last_ingestion_dtt': '2025-01-01 11:20:09.227018'}
2025-08-25 18:05:12,623 - __main__ - INFO - Starting ingestion for get_purchases object
2025-08-25 18:05:12,928 - __main__ - INFO - Succesfully ingested get_purchases object
2025-08-25 18:05:50,425 - __main__ - INFO - Starting ingestion for djangomart batch 2025-08-25 180550
2025-08-25 18:05:50,425 - __main__ - WARNING - {'name': 'get_purchases', 'last_ingestion_dtt': '2025-01-01 11:20:09.227018'}
2025-08-25 18:05:50,425 - __main__ - INFO - Starting ingestion for get_purchases object
2025-08-25 18:05:50,717 - __main__ - INFO - Succesfully ingested get_purchases object
2025-08-25 18:06:19,412 - __main__ - INFO - Starting ingestion for djangomart batch 2025-08-25 180619
2025-08-25 18:06:19,413 - __main__ - WARNING - {'name': 'get_purchases', 'last_ingestion_dtt': '2025-01-01 11:20:09.227018'}
2025-08-25 18:06:19,413 - __main__ - INFO - Starting ingestion for get_purchases object
2025-08-25 18:06:19,704 - __main__ - INFO - Succesfully ingested get_purchases object
